2025-04-12T15:09:47.865-05:00  INFO 1698 --- [demo] [main] c.e.springdemo.demo.DemoApplication      : Starting DemoApplication using Java 23.0.1 with PID 1698 (/Users/surya/springboot-learning/demo/target/classes started by surya in /Users/surya/springboot-learning/demo)
2025-04-12T15:09:47.867-05:00  INFO 1698 --- [demo] [main] c.e.springdemo.demo.DemoApplication      : No active profile set, falling back to 1 default profile: "default"
2025-04-12T15:09:48.143-05:00  INFO 1698 --- [demo] [main] .s.d.r.c.RepositoryConfigurationDelegate : Bootstrapping Spring Data JPA repositories in DEFAULT mode.
2025-04-12T15:09:48.162-05:00  INFO 1698 --- [demo] [main] .s.d.r.c.RepositoryConfigurationDelegate : Finished Spring Data repository scanning in 16 ms. Found 3 JPA repository interfaces.
2025-04-12T15:09:48.350-05:00  INFO 1698 --- [demo] [main] o.s.b.w.embedded.tomcat.TomcatWebServer  : Tomcat initialized with port 8080 (http)
2025-04-12T15:09:48.357-05:00  INFO 1698 --- [demo] [main] o.apache.catalina.core.StandardService   : Starting service [Tomcat]
2025-04-12T15:09:48.357-05:00  INFO 1698 --- [demo] [main] o.apache.catalina.core.StandardEngine    : Starting Servlet engine: [Apache Tomcat/10.1.39]
2025-04-12T15:09:48.379-05:00  INFO 1698 --- [demo] [main] o.a.c.c.C.[Tomcat].[localhost].[/]       : Initializing Spring embedded WebApplicationContext
2025-04-12T15:09:48.379-05:00  INFO 1698 --- [demo] [main] w.s.c.ServletWebServerApplicationContext : Root WebApplicationContext: initialization completed in 492 ms
2025-04-12T15:09:48.436-05:00  INFO 1698 --- [demo] [main] o.hibernate.jpa.internal.util.LogHelper  : HHH000204: Processing PersistenceUnitInfo [name: default]
2025-04-12T15:09:48.458-05:00  INFO 1698 --- [demo] [main] org.hibernate.Version                    : HHH000412: Hibernate ORM core version 6.6.11.Final
2025-04-12T15:09:48.470-05:00  INFO 1698 --- [demo] [main] o.h.c.internal.RegionFactoryInitiator    : HHH000026: Second-level cache disabled
2025-04-12T15:09:48.559-05:00  INFO 1698 --- [demo] [main] o.s.o.j.p.SpringPersistenceUnitInfo      : No LoadTimeWeaver setup: ignoring JPA class transformer
2025-04-12T15:09:48.571-05:00  INFO 1698 --- [demo] [main] com.zaxxer.hikari.HikariDataSource       : HikariPool-1 - Starting...
2025-04-12T15:09:48.723-05:00  INFO 1698 --- [demo] [main] com.zaxxer.hikari.pool.HikariPool        : HikariPool-1 - Added connection com.mysql.cj.jdbc.ConnectionImpl@359e27d2
2025-04-12T15:09:48.724-05:00  INFO 1698 --- [demo] [main] com.zaxxer.hikari.HikariDataSource       : HikariPool-1 - Start completed.
2025-04-12T15:09:48.758-05:00  INFO 1698 --- [demo] [main] org.hibernate.orm.connections.pooling    : HHH10001005: Database info:
	Database JDBC URL [Connecting through datasource 'HikariDataSource (HikariPool-1)']
	Database driver: undefined/unknown
	Database version: 8.0.41
	Autocommit mode: undefined/unknown
	Isolation level: undefined/unknown
	Minimum pool size: undefined/unknown
	Maximum pool size: undefined/unknown
2025-04-12T15:09:49.063-05:00  INFO 1698 --- [demo] [main] o.h.e.t.j.p.i.JtaPlatformInitiator       : HHH000489: No JTA platform available (set 'hibernate.transaction.jta.platform' to enable JTA platform integration)
2025-04-12T15:09:49.099-05:00  INFO 1698 --- [demo] [main] j.LocalContainerEntityManagerFactoryBean : Initialized JPA EntityManagerFactory for persistence unit 'default'
2025-04-12T15:09:49.215-05:00  WARN 1698 --- [demo] [main] JpaBaseConfiguration$JpaWebConfiguration : spring.jpa.open-in-view is enabled by default. Therefore, database queries may be performed during view rendering. Explicitly configure spring.jpa.open-in-view to disable this warning
2025-04-12T15:09:49.221-05:00  INFO 1698 --- [demo] [main] r$InitializeUserDetailsManagerConfigurer : Global AuthenticationManager configured with UserDetailsService bean with name customUserDetailsService
2025-04-12T15:09:49.307-05:00 DEBUG 1698 --- [demo] [main] o.s.s.web.DefaultSecurityFilterChain     : Will secure any request with filters: DisableEncodeUrlFilter, WebAsyncManagerIntegrationFilter, SecurityContextHolderFilter, HeaderWriterFilter, LogoutFilter, BasicAuthenticationFilter, RequestCacheAwareFilter, SecurityContextHolderAwareRequestFilter, AnonymousAuthenticationFilter, ExceptionTranslationFilter, AuthorizationFilter
2025-04-12T15:09:49.372-05:00  INFO 1698 --- [demo] [main] o.s.b.w.embedded.tomcat.TomcatWebServer  : Tomcat started on port 8080 (http) with context path '/'
2025-04-12T15:09:49.375-05:00  INFO 1698 --- [demo] [main] c.e.springdemo.demo.DemoApplication      : Started DemoApplication in 1.708 seconds (process running for 1.882)
2025-04-12T15:10:27.442-05:00  INFO 1698 --- [demo] [SpringApplicationShutdownHook] o.s.b.w.e.tomcat.GracefulShutdown        : Commencing graceful shutdown. Waiting for active requests to complete
2025-04-12T15:10:27.447-05:00  INFO 1698 --- [demo] [tomcat-shutdown] o.s.b.w.e.tomcat.GracefulShutdown        : Graceful shutdown complete
2025-04-12T15:10:27.450-05:00  INFO 1698 --- [demo] [SpringApplicationShutdownHook] j.LocalContainerEntityManagerFactoryBean : Closing JPA EntityManagerFactory for persistence unit 'default'
2025-04-12T15:10:27.451-05:00  INFO 1698 --- [demo] [SpringApplicationShutdownHook] com.zaxxer.hikari.HikariDataSource       : HikariPool-1 - Shutdown initiated...
2025-04-12T15:10:27.454-05:00  INFO 1698 --- [demo] [SpringApplicationShutdownHook] com.zaxxer.hikari.HikariDataSource       : HikariPool-1 - Shutdown completed.
2025-04-12T15:52:35.816-05:00  INFO 2095 --- [demo] [main] c.e.springdemo.demo.DemoApplication      : Starting DemoApplication using Java 23.0.1 with PID 2095 (/Users/surya/springboot-learning/demo/target/classes started by surya in /Users/surya/springboot-learning/demo)
2025-04-12T15:52:35.817-05:00  INFO 2095 --- [demo] [main] c.e.springdemo.demo.DemoApplication      : No active profile set, falling back to 1 default profile: "default"
2025-04-12T15:52:36.095-05:00  INFO 2095 --- [demo] [main] .s.d.r.c.RepositoryConfigurationDelegate : Bootstrapping Spring Data JPA repositories in DEFAULT mode.
2025-04-12T15:52:36.115-05:00  INFO 2095 --- [demo] [main] .s.d.r.c.RepositoryConfigurationDelegate : Finished Spring Data repository scanning in 16 ms. Found 3 JPA repository interfaces.
2025-04-12T15:52:36.296-05:00  INFO 2095 --- [demo] [main] o.s.b.w.embedded.tomcat.TomcatWebServer  : Tomcat initialized with port 8080 (http)
2025-04-12T15:52:36.301-05:00  INFO 2095 --- [demo] [main] o.apache.catalina.core.StandardService   : Starting service [Tomcat]
2025-04-12T15:52:36.301-05:00  INFO 2095 --- [demo] [main] o.apache.catalina.core.StandardEngine    : Starting Servlet engine: [Apache Tomcat/10.1.39]
2025-04-12T15:52:36.324-05:00  INFO 2095 --- [demo] [main] o.a.c.c.C.[Tomcat].[localhost].[/]       : Initializing Spring embedded WebApplicationContext
2025-04-12T15:52:36.325-05:00  INFO 2095 --- [demo] [main] w.s.c.ServletWebServerApplicationContext : Root WebApplicationContext: initialization completed in 485 ms
2025-04-12T15:52:36.380-05:00  INFO 2095 --- [demo] [main] o.hibernate.jpa.internal.util.LogHelper  : HHH000204: Processing PersistenceUnitInfo [name: default]
2025-04-12T15:52:36.397-05:00  INFO 2095 --- [demo] [main] org.hibernate.Version                    : HHH000412: Hibernate ORM core version 6.6.11.Final
2025-04-12T15:52:36.407-05:00  INFO 2095 --- [demo] [main] o.h.c.internal.RegionFactoryInitiator    : HHH000026: Second-level cache disabled
2025-04-12T15:52:36.499-05:00  INFO 2095 --- [demo] [main] o.s.o.j.p.SpringPersistenceUnitInfo      : No LoadTimeWeaver setup: ignoring JPA class transformer
2025-04-12T15:52:36.508-05:00  INFO 2095 --- [demo] [main] com.zaxxer.hikari.HikariDataSource       : HikariPool-1 - Starting...
2025-04-12T15:52:36.642-05:00  INFO 2095 --- [demo] [main] com.zaxxer.hikari.pool.HikariPool        : HikariPool-1 - Added connection com.mysql.cj.jdbc.ConnectionImpl@7440265c
2025-04-12T15:52:36.643-05:00  INFO 2095 --- [demo] [main] com.zaxxer.hikari.HikariDataSource       : HikariPool-1 - Start completed.
2025-04-12T15:52:36.673-05:00  INFO 2095 --- [demo] [main] org.hibernate.orm.connections.pooling    : HHH10001005: Database info:
	Database JDBC URL [Connecting through datasource 'HikariDataSource (HikariPool-1)']
	Database driver: undefined/unknown
	Database version: 8.0.41
	Autocommit mode: undefined/unknown
	Isolation level: undefined/unknown
	Minimum pool size: undefined/unknown
	Maximum pool size: undefined/unknown
2025-04-12T15:52:36.968-05:00  INFO 2095 --- [demo] [main] o.h.e.t.j.p.i.JtaPlatformInitiator       : HHH000489: No JTA platform available (set 'hibernate.transaction.jta.platform' to enable JTA platform integration)
2025-04-12T15:52:36.998-05:00  INFO 2095 --- [demo] [main] j.LocalContainerEntityManagerFactoryBean : Initialized JPA EntityManagerFactory for persistence unit 'default'
2025-04-12T15:52:37.131-05:00  WARN 2095 --- [demo] [main] JpaBaseConfiguration$JpaWebConfiguration : spring.jpa.open-in-view is enabled by default. Therefore, database queries may be performed during view rendering. Explicitly configure spring.jpa.open-in-view to disable this warning
2025-04-12T15:52:37.138-05:00  INFO 2095 --- [demo] [main] r$InitializeUserDetailsManagerConfigurer : Global AuthenticationManager configured with UserDetailsService bean with name customUserDetailsService
2025-04-12T15:52:37.182-05:00  WARN 2095 --- [demo] [main] ConfigServletWebServerApplicationContext : Exception encountered during context initialization - cancelling refresh attempt: org.springframework.beans.factory.BeanCreationException: Error creating bean with name 'org.springframework.security.config.annotation.web.configuration.WebSecurityConfiguration': Injection of autowired dependencies failed
2025-04-12T15:52:37.183-05:00  INFO 2095 --- [demo] [main] j.LocalContainerEntityManagerFactoryBean : Closing JPA EntityManagerFactory for persistence unit 'default'
2025-04-12T15:52:37.184-05:00  INFO 2095 --- [demo] [main] com.zaxxer.hikari.HikariDataSource       : HikariPool-1 - Shutdown initiated...
2025-04-12T15:52:37.187-05:00  INFO 2095 --- [demo] [main] com.zaxxer.hikari.HikariDataSource       : HikariPool-1 - Shutdown completed.
2025-04-12T15:52:37.188-05:00  INFO 2095 --- [demo] [main] o.apache.catalina.core.StandardService   : Stopping service [Tomcat]
2025-04-12T15:52:37.193-05:00  INFO 2095 --- [demo] [main] .s.b.a.l.ConditionEvaluationReportLogger : 

Error starting ApplicationContext. To display the condition evaluation report re-run your application with 'debug' enabled.
2025-04-12T15:52:37.199-05:00 ERROR 2095 --- [demo] [main] o.s.b.d.LoggingFailureAnalysisReporter   : 

***************************
APPLICATION FAILED TO START
***************************

Description:

Invalid mapping pattern detected:
/{/id}
  ^
Expected close capture character after variable name }

Action:

Fix this pattern in your application or switch to the legacy parser implementation with 'spring.mvc.pathmatch.matching-strategy=ant_path_matcher'.

2025-04-12T15:53:20.404-05:00  INFO 2099 --- [demo] [main] c.e.springdemo.demo.DemoApplication      : Starting DemoApplication using Java 23.0.1 with PID 2099 (/Users/surya/springboot-learning/demo/target/classes started by surya in /Users/surya/springboot-learning/demo)
2025-04-12T15:53:20.405-05:00  INFO 2099 --- [demo] [main] c.e.springdemo.demo.DemoApplication      : No active profile set, falling back to 1 default profile: "default"
2025-04-12T15:53:20.659-05:00  INFO 2099 --- [demo] [main] .s.d.r.c.RepositoryConfigurationDelegate : Bootstrapping Spring Data JPA repositories in DEFAULT mode.
2025-04-12T15:53:20.678-05:00  INFO 2099 --- [demo] [main] .s.d.r.c.RepositoryConfigurationDelegate : Finished Spring Data repository scanning in 15 ms. Found 3 JPA repository interfaces.
2025-04-12T15:53:20.846-05:00  INFO 2099 --- [demo] [main] o.s.b.w.embedded.tomcat.TomcatWebServer  : Tomcat initialized with port 8080 (http)
2025-04-12T15:53:20.852-05:00  INFO 2099 --- [demo] [main] o.apache.catalina.core.StandardService   : Starting service [Tomcat]
2025-04-12T15:53:20.852-05:00  INFO 2099 --- [demo] [main] o.apache.catalina.core.StandardEngine    : Starting Servlet engine: [Apache Tomcat/10.1.39]
2025-04-12T15:53:20.872-05:00  INFO 2099 --- [demo] [main] o.a.c.c.C.[Tomcat].[localhost].[/]       : Initializing Spring embedded WebApplicationContext
2025-04-12T15:53:20.873-05:00  INFO 2099 --- [demo] [main] w.s.c.ServletWebServerApplicationContext : Root WebApplicationContext: initialization completed in 442 ms
2025-04-12T15:53:20.926-05:00  INFO 2099 --- [demo] [main] o.hibernate.jpa.internal.util.LogHelper  : HHH000204: Processing PersistenceUnitInfo [name: default]
2025-04-12T15:53:20.940-05:00  INFO 2099 --- [demo] [main] org.hibernate.Version                    : HHH000412: Hibernate ORM core version 6.6.11.Final
2025-04-12T15:53:20.948-05:00  INFO 2099 --- [demo] [main] o.h.c.internal.RegionFactoryInitiator    : HHH000026: Second-level cache disabled
2025-04-12T15:53:21.026-05:00  INFO 2099 --- [demo] [main] o.s.o.j.p.SpringPersistenceUnitInfo      : No LoadTimeWeaver setup: ignoring JPA class transformer
2025-04-12T15:53:21.034-05:00  INFO 2099 --- [demo] [main] com.zaxxer.hikari.HikariDataSource       : HikariPool-1 - Starting...
2025-04-12T15:53:21.163-05:00  INFO 2099 --- [demo] [main] com.zaxxer.hikari.pool.HikariPool        : HikariPool-1 - Added connection com.mysql.cj.jdbc.ConnectionImpl@1857fe6c
2025-04-12T15:53:21.163-05:00  INFO 2099 --- [demo] [main] com.zaxxer.hikari.HikariDataSource       : HikariPool-1 - Start completed.
2025-04-12T15:53:21.192-05:00  INFO 2099 --- [demo] [main] org.hibernate.orm.connections.pooling    : HHH10001005: Database info:
	Database JDBC URL [Connecting through datasource 'HikariDataSource (HikariPool-1)']
	Database driver: undefined/unknown
	Database version: 8.0.41
	Autocommit mode: undefined/unknown
	Isolation level: undefined/unknown
	Minimum pool size: undefined/unknown
	Maximum pool size: undefined/unknown
2025-04-12T15:53:21.501-05:00  INFO 2099 --- [demo] [main] o.h.e.t.j.p.i.JtaPlatformInitiator       : HHH000489: No JTA platform available (set 'hibernate.transaction.jta.platform' to enable JTA platform integration)
2025-04-12T15:53:21.537-05:00  INFO 2099 --- [demo] [main] j.LocalContainerEntityManagerFactoryBean : Initialized JPA EntityManagerFactory for persistence unit 'default'
2025-04-12T15:53:21.681-05:00  WARN 2099 --- [demo] [main] JpaBaseConfiguration$JpaWebConfiguration : spring.jpa.open-in-view is enabled by default. Therefore, database queries may be performed during view rendering. Explicitly configure spring.jpa.open-in-view to disable this warning
2025-04-12T15:53:21.689-05:00  INFO 2099 --- [demo] [main] r$InitializeUserDetailsManagerConfigurer : Global AuthenticationManager configured with UserDetailsService bean with name customUserDetailsService
2025-04-12T15:53:21.805-05:00 DEBUG 2099 --- [demo] [main] o.s.s.web.DefaultSecurityFilterChain     : Will secure any request with filters: DisableEncodeUrlFilter, WebAsyncManagerIntegrationFilter, SecurityContextHolderFilter, HeaderWriterFilter, LogoutFilter, BasicAuthenticationFilter, RequestCacheAwareFilter, SecurityContextHolderAwareRequestFilter, AnonymousAuthenticationFilter, ExceptionTranslationFilter, AuthorizationFilter
2025-04-12T15:53:21.905-05:00  INFO 2099 --- [demo] [main] o.s.b.w.embedded.tomcat.TomcatWebServer  : Tomcat started on port 8080 (http) with context path '/'
2025-04-12T15:53:21.910-05:00  INFO 2099 --- [demo] [main] c.e.springdemo.demo.DemoApplication      : Started DemoApplication in 1.689 seconds (process running for 1.823)
2025-04-12T15:55:28.004-05:00  INFO 2099 --- [demo] [http-nio-8080-exec-1] o.a.c.c.C.[Tomcat].[localhost].[/]       : Initializing Spring DispatcherServlet 'dispatcherServlet'
2025-04-12T15:55:28.004-05:00  INFO 2099 --- [demo] [http-nio-8080-exec-1] o.s.web.servlet.DispatcherServlet        : Initializing Servlet 'dispatcherServlet'
2025-04-12T15:55:28.005-05:00  INFO 2099 --- [demo] [http-nio-8080-exec-1] o.s.web.servlet.DispatcherServlet        : Completed initialization in 1 ms
2025-04-12T15:55:28.014-05:00 DEBUG 2099 --- [demo] [http-nio-8080-exec-1] o.s.security.web.FilterChainProxy        : Securing POST /api/contacts/user/8
2025-04-12T15:55:28.083-05:00 DEBUG 2099 --- [demo] [http-nio-8080-exec-1] o.s.s.a.dao.DaoAuthenticationProvider    : Authenticated user
2025-04-12T15:55:28.083-05:00 DEBUG 2099 --- [demo] [http-nio-8080-exec-1] o.s.s.w.a.www.BasicAuthenticationFilter  : Set SecurityContextHolder to UsernamePasswordAuthenticationToken [Principal=org.springframework.security.core.userdetails.User [Username=admin1, Password=[PROTECTED], Enabled=true, AccountNonExpired=true, CredentialsNonExpired=true, AccountNonLocked=true, Granted Authorities=[ROLE_ADMIN]], Credentials=[PROTECTED], Authenticated=true, Details=WebAuthenticationDetails [RemoteIpAddress=0:0:0:0:0:0:0:1, SessionId=null], Granted Authorities=[ROLE_ADMIN]]
2025-04-12T15:55:28.084-05:00 DEBUG 2099 --- [demo] [http-nio-8080-exec-1] o.s.security.web.FilterChainProxy        : Secured POST /api/contacts/user/8
2025-04-12T15:56:42.393-05:00  INFO 2099 --- [demo] [SpringApplicationShutdownHook] o.s.b.w.e.tomcat.GracefulShutdown        : Commencing graceful shutdown. Waiting for active requests to complete
2025-04-12T15:56:42.397-05:00  INFO 2099 --- [demo] [tomcat-shutdown] o.s.b.w.e.tomcat.GracefulShutdown        : Graceful shutdown complete
2025-04-12T15:56:42.400-05:00  INFO 2099 --- [demo] [SpringApplicationShutdownHook] j.LocalContainerEntityManagerFactoryBean : Closing JPA EntityManagerFactory for persistence unit 'default'
2025-04-12T15:56:42.400-05:00  INFO 2099 --- [demo] [SpringApplicationShutdownHook] com.zaxxer.hikari.HikariDataSource       : HikariPool-1 - Shutdown initiated...
2025-04-12T15:56:42.403-05:00  INFO 2099 --- [demo] [SpringApplicationShutdownHook] com.zaxxer.hikari.HikariDataSource       : HikariPool-1 - Shutdown completed.
2025-04-12T15:56:43.756-05:00  INFO 2114 --- [demo] [main] c.e.springdemo.demo.DemoApplication      : Starting DemoApplication using Java 23.0.1 with PID 2114 (/Users/surya/springboot-learning/demo/target/classes started by surya in /Users/surya/springboot-learning/demo)
2025-04-12T15:56:43.760-05:00  INFO 2114 --- [demo] [main] c.e.springdemo.demo.DemoApplication      : No active profile set, falling back to 1 default profile: "default"
2025-04-12T15:56:44.037-05:00  INFO 2114 --- [demo] [main] .s.d.r.c.RepositoryConfigurationDelegate : Bootstrapping Spring Data JPA repositories in DEFAULT mode.
2025-04-12T15:56:44.057-05:00  INFO 2114 --- [demo] [main] .s.d.r.c.RepositoryConfigurationDelegate : Finished Spring Data repository scanning in 17 ms. Found 3 JPA repository interfaces.
2025-04-12T15:56:44.235-05:00  INFO 2114 --- [demo] [main] o.s.b.w.embedded.tomcat.TomcatWebServer  : Tomcat initialized with port 8080 (http)
2025-04-12T15:56:44.239-05:00  INFO 2114 --- [demo] [main] o.apache.catalina.core.StandardService   : Starting service [Tomcat]
2025-04-12T15:56:44.240-05:00  INFO 2114 --- [demo] [main] o.apache.catalina.core.StandardEngine    : Starting Servlet engine: [Apache Tomcat/10.1.39]
2025-04-12T15:56:44.257-05:00  INFO 2114 --- [demo] [main] o.a.c.c.C.[Tomcat].[localhost].[/]       : Initializing Spring embedded WebApplicationContext
2025-04-12T15:56:44.257-05:00  INFO 2114 --- [demo] [main] w.s.c.ServletWebServerApplicationContext : Root WebApplicationContext: initialization completed in 458 ms
2025-04-12T15:56:44.326-05:00  INFO 2114 --- [demo] [main] o.hibernate.jpa.internal.util.LogHelper  : HHH000204: Processing PersistenceUnitInfo [name: default]
2025-04-12T15:56:44.339-05:00  INFO 2114 --- [demo] [main] org.hibernate.Version                    : HHH000412: Hibernate ORM core version 6.6.11.Final
2025-04-12T15:56:44.348-05:00  INFO 2114 --- [demo] [main] o.h.c.internal.RegionFactoryInitiator    : HHH000026: Second-level cache disabled
2025-04-12T15:56:44.429-05:00  INFO 2114 --- [demo] [main] o.s.o.j.p.SpringPersistenceUnitInfo      : No LoadTimeWeaver setup: ignoring JPA class transformer
2025-04-12T15:56:44.439-05:00  INFO 2114 --- [demo] [main] com.zaxxer.hikari.HikariDataSource       : HikariPool-1 - Starting...
2025-04-12T15:56:44.563-05:00  INFO 2114 --- [demo] [main] com.zaxxer.hikari.pool.HikariPool        : HikariPool-1 - Added connection com.mysql.cj.jdbc.ConnectionImpl@252c6cdb
2025-04-12T15:56:44.564-05:00  INFO 2114 --- [demo] [main] com.zaxxer.hikari.HikariDataSource       : HikariPool-1 - Start completed.
2025-04-12T15:56:44.591-05:00  INFO 2114 --- [demo] [main] org.hibernate.orm.connections.pooling    : HHH10001005: Database info:
	Database JDBC URL [Connecting through datasource 'HikariDataSource (HikariPool-1)']
	Database driver: undefined/unknown
	Database version: 8.0.41
	Autocommit mode: undefined/unknown
	Isolation level: undefined/unknown
	Minimum pool size: undefined/unknown
	Maximum pool size: undefined/unknown
2025-04-12T15:56:44.876-05:00  INFO 2114 --- [demo] [main] o.h.e.t.j.p.i.JtaPlatformInitiator       : HHH000489: No JTA platform available (set 'hibernate.transaction.jta.platform' to enable JTA platform integration)
2025-04-12T15:56:44.899-05:00  INFO 2114 --- [demo] [main] j.LocalContainerEntityManagerFactoryBean : Initialized JPA EntityManagerFactory for persistence unit 'default'
2025-04-12T15:56:45.029-05:00  WARN 2114 --- [demo] [main] JpaBaseConfiguration$JpaWebConfiguration : spring.jpa.open-in-view is enabled by default. Therefore, database queries may be performed during view rendering. Explicitly configure spring.jpa.open-in-view to disable this warning
2025-04-12T15:56:45.036-05:00  INFO 2114 --- [demo] [main] r$InitializeUserDetailsManagerConfigurer : Global AuthenticationManager configured with UserDetailsService bean with name customUserDetailsService
2025-04-12T15:56:45.134-05:00 DEBUG 2114 --- [demo] [main] o.s.s.web.DefaultSecurityFilterChain     : Will secure any request with filters: DisableEncodeUrlFilter, WebAsyncManagerIntegrationFilter, SecurityContextHolderFilter, HeaderWriterFilter, LogoutFilter, BasicAuthenticationFilter, RequestCacheAwareFilter, SecurityContextHolderAwareRequestFilter, AnonymousAuthenticationFilter, ExceptionTranslationFilter, AuthorizationFilter
2025-04-12T15:56:45.212-05:00  INFO 2114 --- [demo] [main] o.s.b.w.embedded.tomcat.TomcatWebServer  : Tomcat started on port 8080 (http) with context path '/'
2025-04-12T15:56:45.216-05:00  INFO 2114 --- [demo] [main] c.e.springdemo.demo.DemoApplication      : Started DemoApplication in 1.645 seconds (process running for 1.793)
2025-04-12T15:56:58.406-05:00  INFO 2114 --- [demo] [http-nio-8080-exec-2] o.a.c.c.C.[Tomcat].[localhost].[/]       : Initializing Spring DispatcherServlet 'dispatcherServlet'
2025-04-12T15:56:58.406-05:00  INFO 2114 --- [demo] [http-nio-8080-exec-2] o.s.web.servlet.DispatcherServlet        : Initializing Servlet 'dispatcherServlet'
2025-04-12T15:56:58.407-05:00  INFO 2114 --- [demo] [http-nio-8080-exec-2] o.s.web.servlet.DispatcherServlet        : Completed initialization in 1 ms
2025-04-12T15:56:58.416-05:00 DEBUG 2114 --- [demo] [http-nio-8080-exec-2] o.s.security.web.FilterChainProxy        : Securing POST /api/contacts/user/9
2025-04-12T15:56:58.484-05:00 DEBUG 2114 --- [demo] [http-nio-8080-exec-2] o.s.s.a.dao.DaoAuthenticationProvider    : Authenticated user
2025-04-12T15:56:58.485-05:00 DEBUG 2114 --- [demo] [http-nio-8080-exec-2] o.s.s.w.a.www.BasicAuthenticationFilter  : Set SecurityContextHolder to UsernamePasswordAuthenticationToken [Principal=org.springframework.security.core.userdetails.User [Username=admin1, Password=[PROTECTED], Enabled=true, AccountNonExpired=true, CredentialsNonExpired=true, AccountNonLocked=true, Granted Authorities=[ROLE_ADMIN]], Credentials=[PROTECTED], Authenticated=true, Details=WebAuthenticationDetails [RemoteIpAddress=0:0:0:0:0:0:0:1, SessionId=null], Granted Authorities=[ROLE_ADMIN]]
2025-04-12T15:56:58.486-05:00 DEBUG 2114 --- [demo] [http-nio-8080-exec-2] o.s.security.web.FilterChainProxy        : Secured POST /api/contacts/user/9
2025-04-12T15:57:30.144-05:00 DEBUG 2114 --- [demo] [http-nio-8080-exec-3] o.s.security.web.FilterChainProxy        : Securing GET /api/users/getUsers
2025-04-12T15:57:30.152-05:00 DEBUG 2114 --- [demo] [http-nio-8080-exec-3] o.s.s.a.dao.DaoAuthenticationProvider    : Authenticated user
2025-04-12T15:57:30.153-05:00 DEBUG 2114 --- [demo] [http-nio-8080-exec-3] o.s.s.w.a.www.BasicAuthenticationFilter  : Set SecurityContextHolder to UsernamePasswordAuthenticationToken [Principal=org.springframework.security.core.userdetails.User [Username=admin, Password=[PROTECTED], Enabled=true, AccountNonExpired=true, CredentialsNonExpired=true, AccountNonLocked=true, Granted Authorities=[ROLE_ADMIN]], Credentials=[PROTECTED], Authenticated=true, Details=WebAuthenticationDetails [RemoteIpAddress=0:0:0:0:0:0:0:1, SessionId=null], Granted Authorities=[ROLE_ADMIN]]
2025-04-12T15:57:30.153-05:00 DEBUG 2114 --- [demo] [http-nio-8080-exec-3] o.s.security.web.FilterChainProxy        : Secured GET /api/users/getUsers
2025-04-12T15:57:30.154-05:00  INFO 2114 --- [demo] [http-nio-8080-exec-3] c.e.springdemo.demo.service.UserService  : Calling get All user
2025-04-12T16:02:04.711-05:00  INFO 2114 --- [demo] [SpringApplicationShutdownHook] o.s.b.w.e.tomcat.GracefulShutdown        : Commencing graceful shutdown. Waiting for active requests to complete
2025-04-12T16:02:04.717-05:00  INFO 2114 --- [demo] [tomcat-shutdown] o.s.b.w.e.tomcat.GracefulShutdown        : Graceful shutdown complete
2025-04-12T16:02:04.719-05:00  INFO 2114 --- [demo] [SpringApplicationShutdownHook] j.LocalContainerEntityManagerFactoryBean : Closing JPA EntityManagerFactory for persistence unit 'default'
2025-04-12T16:02:04.720-05:00  INFO 2114 --- [demo] [SpringApplicationShutdownHook] com.zaxxer.hikari.HikariDataSource       : HikariPool-1 - Shutdown initiated...
2025-04-12T16:02:04.723-05:00  INFO 2114 --- [demo] [SpringApplicationShutdownHook] com.zaxxer.hikari.HikariDataSource       : HikariPool-1 - Shutdown completed.
